This is pdfTeX, Version 3.14159265-2.6-1.40.15 (TeX Live 2014) (preloaded format=pdflatex 2015.5.20)  7 MAR 2016 19:32
entering extended mode
 restricted \write18 enabled.
 %&-line parsing enabled.
**/math/home/zy199402/www/notes/hil.tex
(/math/home/zy199402/www/notes/hil.tex
LaTeX2e <2014/05/01>
Babel <3.9l> and hyphenation patterns for 79 languages loaded.
(/math/software/pkg/texlive/texlive-2014/texmf-dist/tex/latex/base/article.cls
Document Class: article 2014/09/29 v1.4h Standard LaTeX document class
(/math/software/pkg/texlive/texlive-2014/texmf-dist/tex/latex/base/size12.clo
File: size12.clo 2014/09/29 v1.4h Standard LaTeX file (size option)
)
\c@part=\count79
\c@section=\count80
\c@subsection=\count81
\c@subsubsection=\count82
\c@paragraph=\count83
\c@subparagraph=\count84
\c@figure=\count85
\c@table=\count86
\abovecaptionskip=\skip41
\belowcaptionskip=\skip42
\bibindent=\dimen102
)
(/math/software/pkg/texlive/texlive-2014/texmf-dist/tex/latex/geometry/geometry
.sty
Package: geometry 2010/09/12 v5.6 Page Geometry

(/math/software/pkg/texlive/texlive-2014/texmf-dist/tex/latex/graphics/keyval.s
ty
Package: keyval 2014/10/28 v1.15 key=value parser (DPC)
\KV@toks@=\toks14
)
(/math/software/pkg/texlive/texlive-2014/texmf-dist/tex/generic/oberdiek/ifpdf.
sty
Package: ifpdf 2011/01/30 v2.3 Provides the ifpdf switch (HO)
Package ifpdf Info: pdfTeX in PDF mode is detected.
)
(/math/software/pkg/texlive/texlive-2014/texmf-dist/tex/generic/oberdiek/ifvtex
.sty
Package: ifvtex 2010/03/01 v1.5 Detect VTeX and its facilities (HO)
Package ifvtex Info: VTeX not detected.
)
(/math/software/pkg/texlive/texlive-2014/texmf-dist/tex/generic/ifxetex/ifxetex
.sty
Package: ifxetex 2010/09/12 v0.6 Provides ifxetex conditional
)
\Gm@cnth=\count87
\Gm@cntv=\count88
\c@Gm@tempcnt=\count89
\Gm@bindingoffset=\dimen103
\Gm@wd@mp=\dimen104
\Gm@odd@mp=\dimen105
\Gm@even@mp=\dimen106
\Gm@layoutwidth=\dimen107
\Gm@layoutheight=\dimen108
\Gm@layouthoffset=\dimen109
\Gm@layoutvoffset=\dimen110
\Gm@dimlist=\toks15
)
(/math/software/pkg/texlive/texlive-2014/texmf-dist/tex/latex/amsmath/amsmath.s
ty
Package: amsmath 2013/01/14 v2.14 AMS math features
\@mathmargin=\skip43

For additional information on amsmath, use the `?' option.

(/math/software/pkg/texlive/texlive-2014/texmf-dist/tex/latex/amsmath/amstext.s
ty
Package: amstext 2000/06/29 v2.01

(/math/software/pkg/texlive/texlive-2014/texmf-dist/tex/latex/amsmath/amsgen.st
y
File: amsgen.sty 1999/11/30 v2.0
\@emptytoks=\toks16
\ex@=\dimen111
))
(/math/software/pkg/texlive/texlive-2014/texmf-dist/tex/latex/amsmath/amsbsy.st
y
Package: amsbsy 1999/11/29 v1.2d
\pmbraise@=\dimen112
)
(/math/software/pkg/texlive/texlive-2014/texmf-dist/tex/latex/amsmath/amsopn.st
y
Package: amsopn 1999/12/14 v2.01 operator names
)
\inf@bad=\count90
LaTeX Info: Redefining \frac on input line 210.
\uproot@=\count91
\leftroot@=\count92
LaTeX Info: Redefining \overline on input line 306.
\classnum@=\count93
\DOTSCASE@=\count94
LaTeX Info: Redefining \ldots on input line 378.
LaTeX Info: Redefining \dots on input line 381.
LaTeX Info: Redefining \cdots on input line 466.
\Mathstrutbox@=\box26
\strutbox@=\box27
\big@size=\dimen113
LaTeX Font Info:    Redeclaring font encoding OML on input line 566.
LaTeX Font Info:    Redeclaring font encoding OMS on input line 567.
\macc@depth=\count95
\c@MaxMatrixCols=\count96
\dotsspace@=\muskip10
\c@parentequation=\count97
\dspbrk@lvl=\count98
\tag@help=\toks17
\row@=\count99
\column@=\count100
\maxfields@=\count101
\andhelp@=\toks18
\eqnshift@=\dimen114
\alignsep@=\dimen115
\tagshift@=\dimen116
\tagwidth@=\dimen117
\totwidth@=\dimen118
\lineht@=\dimen119
\@envbody=\toks19
\multlinegap=\skip44
\multlinetaggap=\skip45
\mathdisplay@stack=\toks20
LaTeX Info: Redefining \[ on input line 2665.
LaTeX Info: Redefining \] on input line 2666.
)
(/math/software/pkg/texlive/texlive-2014/texmf-dist/tex/latex/amscls/amsthm.sty
Package: amsthm 2009/07/02 v2.20.1
\thm@style=\toks21
\thm@bodyfont=\toks22
\thm@headfont=\toks23
\thm@notefont=\toks24
\thm@headpunct=\toks25
\thm@preskip=\skip46
\thm@postskip=\skip47
\thm@headsep=\skip48
\dth@everypar=\toks26
)
(/math/software/pkg/texlive/texlive-2014/texmf-dist/tex/latex/amsfonts/amssymb.
sty
Package: amssymb 2013/01/14 v3.01 AMS font symbols

(/math/software/pkg/texlive/texlive-2014/texmf-dist/tex/latex/amsfonts/amsfonts
.sty
Package: amsfonts 2013/01/14 v3.01 Basic AMSFonts support
\symAMSa=\mathgroup4
\symAMSb=\mathgroup5
LaTeX Font Info:    Overwriting math alphabet `\mathfrak' in version `bold'
(Font)                  U/euf/m/n --> U/euf/b/n on input line 106.
))
(/math/software/pkg/texlive/texlive-2014/texmf-dist/tex/latex/tikz-cd/tikz-cd.s
ty
Package: tikz-cd 2014/10/30 v0.9e Commutative diagrams with tikz

(/math/software/pkg/texlive/texlive-2014/texmf-dist/tex/latex/pgf/frontendlayer
/tikz.sty
(/math/software/pkg/texlive/texlive-2014/texmf-dist/tex/latex/pgf/basiclayer/pg
f.sty
(/math/software/pkg/texlive/texlive-2014/texmf-dist/tex/latex/pgf/utilities/pgf
rcs.sty
(/math/software/pkg/texlive/texlive-2014/texmf-dist/tex/generic/pgf/utilities/p
gfutil-common.tex
\pgfutil@everybye=\toks27
\pgfutil@tempdima=\dimen120
\pgfutil@tempdimb=\dimen121

(/math/software/pkg/texlive/texlive-2014/texmf-dist/tex/generic/pgf/utilities/p
gfutil-common-lists.tex))
(/math/software/pkg/texlive/texlive-2014/texmf-dist/tex/generic/pgf/utilities/p
gfutil-latex.def
\pgfutil@abb=\box28

(/math/software/pkg/texlive/texlive-2014/texmf-dist/tex/latex/ms/everyshi.sty
Package: everyshi 2001/05/15 v3.00 EveryShipout Package (MS)
))
(/math/software/pkg/texlive/texlive-2014/texmf-dist/tex/generic/pgf/utilities/p
gfrcs.code.tex
Package: pgfrcs 2013/12/20 v3.0.0 (rcs-revision 1.28)
))
Package: pgf 2013/12/18 v3.0.0 (rcs-revision 1.14)

(/math/software/pkg/texlive/texlive-2014/texmf-dist/tex/latex/pgf/basiclayer/pg
fcore.sty
(/math/software/pkg/texlive/texlive-2014/texmf-dist/tex/latex/graphics/graphicx
.sty
Package: graphicx 2014/10/28 v1.0g Enhanced LaTeX Graphics (DPC,SPQR)

(/math/software/pkg/texlive/texlive-2014/texmf-dist/tex/latex/graphics/graphics
.sty
Package: graphics 2014/10/28 v1.0p Standard LaTeX Graphics (DPC,SPQR)

(/math/software/pkg/texlive/texlive-2014/texmf-dist/tex/latex/graphics/trig.sty
Package: trig 1999/03/16 v1.09 sin cos tan (DPC)
)
(/math/software/pkg/texlive/texlive-2014/texmf-dist/tex/latex/latexconfig/graph
ics.cfg
File: graphics.cfg 2010/04/23 v1.9 graphics configuration of TeX Live
)
Package graphics Info: Driver file: pdftex.def on input line 91.

(/math/software/pkg/texlive/texlive-2014/texmf-dist/tex/latex/pdftex-def/pdftex
.def
File: pdftex.def 2011/05/27 v0.06d Graphics/color for pdfTeX

(/math/software/pkg/texlive/texlive-2014/texmf-dist/tex/generic/oberdiek/infwar
err.sty
Package: infwarerr 2010/04/08 v1.3 Providing info/warning/error messages (HO)
)
(/math/software/pkg/texlive/texlive-2014/texmf-dist/tex/generic/oberdiek/ltxcmd
s.sty
Package: ltxcmds 2011/11/09 v1.22 LaTeX kernel commands for general use (HO)
)
\Gread@gobject=\count102
))
\Gin@req@height=\dimen122
\Gin@req@width=\dimen123
)
(/math/software/pkg/texlive/texlive-2014/texmf-dist/tex/latex/pgf/systemlayer/p
gfsys.sty
(/math/software/pkg/texlive/texlive-2014/texmf-dist/tex/generic/pgf/systemlayer
/pgfsys.code.tex
Package: pgfsys 2013/11/30 v3.0.0 (rcs-revision 1.47)

(/math/software/pkg/texlive/texlive-2014/texmf-dist/tex/generic/pgf/utilities/p
gfkeys.code.tex
\pgfkeys@pathtoks=\toks28
\pgfkeys@temptoks=\toks29

(/math/software/pkg/texlive/texlive-2014/texmf-dist/tex/generic/pgf/utilities/p
gfkeysfiltered.code.tex
\pgfkeys@tmptoks=\toks30
))
\pgf@x=\dimen124
\pgf@y=\dimen125
\pgf@xa=\dimen126
\pgf@ya=\dimen127
\pgf@xb=\dimen128
\pgf@yb=\dimen129
\pgf@xc=\dimen130
\pgf@yc=\dimen131
\w@pgf@writea=\write3
\r@pgf@reada=\read1
\c@pgf@counta=\count103
\c@pgf@countb=\count104
\c@pgf@countc=\count105
\c@pgf@countd=\count106
\t@pgf@toka=\toks31
\t@pgf@tokb=\toks32
\t@pgf@tokc=\toks33

(/math/software/pkg/texlive/texlive-2014/texmf-dist/tex/generic/pgf/systemlayer
/pgf.cfg
File: pgf.cfg 2008/05/14  (rcs-revision 1.7)
)
Driver file for pgf: pgfsys-pdftex.def

(/math/software/pkg/texlive/texlive-2014/texmf-dist/tex/generic/pgf/systemlayer
/pgfsys-pdftex.def
File: pgfsys-pdftex.def 2013/07/18  (rcs-revision 1.33)

(/math/software/pkg/texlive/texlive-2014/texmf-dist/tex/generic/pgf/systemlayer
/pgfsys-common-pdf.def
File: pgfsys-common-pdf.def 2013/10/10  (rcs-revision 1.13)
)))
(/math/software/pkg/texlive/texlive-2014/texmf-dist/tex/generic/pgf/systemlayer
/pgfsyssoftpath.code.tex
File: pgfsyssoftpath.code.tex 2013/09/09  (rcs-revision 1.9)
\pgfsyssoftpath@smallbuffer@items=\count107
\pgfsyssoftpath@bigbuffer@items=\count108
)
(/math/software/pkg/texlive/texlive-2014/texmf-dist/tex/generic/pgf/systemlayer
/pgfsysprotocol.code.tex
File: pgfsysprotocol.code.tex 2006/10/16  (rcs-revision 1.4)
))
(/math/software/pkg/texlive/texlive-2014/texmf-dist/tex/latex/xcolor/xcolor.sty
Package: xcolor 2007/01/21 v2.11 LaTeX color extensions (UK)

(/math/software/pkg/texlive/texlive-2014/texmf-dist/tex/latex/latexconfig/color
.cfg
File: color.cfg 2007/01/18 v1.5 color configuration of teTeX/TeXLive
)
Package xcolor Info: Driver file: pdftex.def on input line 225.
Package xcolor Info: Model `cmy' substituted by `cmy0' on input line 1337.
Package xcolor Info: Model `hsb' substituted by `rgb' on input line 1341.
Package xcolor Info: Model `RGB' extended on input line 1353.
Package xcolor Info: Model `HTML' substituted by `rgb' on input line 1355.
Package xcolor Info: Model `Hsb' substituted by `hsb' on input line 1356.
Package xcolor Info: Model `tHsb' substituted by `hsb' on input line 1357.
Package xcolor Info: Model `HSB' substituted by `hsb' on input line 1358.
Package xcolor Info: Model `Gray' substituted by `gray' on input line 1359.
Package xcolor Info: Model `wave' substituted by `hsb' on input line 1360.
)
(/math/software/pkg/texlive/texlive-2014/texmf-dist/tex/generic/pgf/basiclayer/
pgfcore.code.tex
Package: pgfcore 2010/04/11 v3.0.0 (rcs-revision 1.7)

(/math/software/pkg/texlive/texlive-2014/texmf-dist/tex/generic/pgf/math/pgfmat
h.code.tex
(/math/software/pkg/texlive/texlive-2014/texmf-dist/tex/generic/pgf/math/pgfmat
hcalc.code.tex
(/math/software/pkg/texlive/texlive-2014/texmf-dist/tex/generic/pgf/math/pgfmat
hutil.code.tex)
(/math/software/pkg/texlive/texlive-2014/texmf-dist/tex/generic/pgf/math/pgfmat
hparser.code.tex
\pgfmath@dimen=\dimen132
\pgfmath@count=\count109
\pgfmath@box=\box29
\pgfmath@toks=\toks34
\pgfmath@stack@operand=\toks35
\pgfmath@stack@operation=\toks36
)
(/math/software/pkg/texlive/texlive-2014/texmf-dist/tex/generic/pgf/math/pgfmat
hfunctions.code.tex
(/math/software/pkg/texlive/texlive-2014/texmf-dist/tex/generic/pgf/math/pgfmat
hfunctions.basic.code.tex)
(/math/software/pkg/texlive/texlive-2014/texmf-dist/tex/generic/pgf/math/pgfmat
hfunctions.trigonometric.code.tex)
(/math/software/pkg/texlive/texlive-2014/texmf-dist/tex/generic/pgf/math/pgfmat
hfunctions.random.code.tex)
(/math/software/pkg/texlive/texlive-2014/texmf-dist/tex/generic/pgf/math/pgfmat
hfunctions.comparison.code.tex)
(/math/software/pkg/texlive/texlive-2014/texmf-dist/tex/generic/pgf/math/pgfmat
hfunctions.base.code.tex)
(/math/software/pkg/texlive/texlive-2014/texmf-dist/tex/generic/pgf/math/pgfmat
hfunctions.round.code.tex)
(/math/software/pkg/texlive/texlive-2014/texmf-dist/tex/generic/pgf/math/pgfmat
hfunctions.misc.code.tex)
(/math/software/pkg/texlive/texlive-2014/texmf-dist/tex/generic/pgf/math/pgfmat
hfunctions.integerarithmetics.code.tex)))
(/math/software/pkg/texlive/texlive-2014/texmf-dist/tex/generic/pgf/math/pgfmat
hfloat.code.tex
\c@pgfmathroundto@lastzeros=\count110
))
(/math/software/pkg/texlive/texlive-2014/texmf-dist/tex/generic/pgf/basiclayer/
pgfcorepoints.code.tex
File: pgfcorepoints.code.tex 2013/10/07  (rcs-revision 1.27)
\pgf@picminx=\dimen133
\pgf@picmaxx=\dimen134
\pgf@picminy=\dimen135
\pgf@picmaxy=\dimen136
\pgf@pathminx=\dimen137
\pgf@pathmaxx=\dimen138
\pgf@pathminy=\dimen139
\pgf@pathmaxy=\dimen140
\pgf@xx=\dimen141
\pgf@xy=\dimen142
\pgf@yx=\dimen143
\pgf@yy=\dimen144
\pgf@zx=\dimen145
\pgf@zy=\dimen146
)
(/math/software/pkg/texlive/texlive-2014/texmf-dist/tex/generic/pgf/basiclayer/
pgfcorepathconstruct.code.tex
File: pgfcorepathconstruct.code.tex 2013/10/07  (rcs-revision 1.29)
\pgf@path@lastx=\dimen147
\pgf@path@lasty=\dimen148
)
(/math/software/pkg/texlive/texlive-2014/texmf-dist/tex/generic/pgf/basiclayer/
pgfcorepathusage.code.tex
File: pgfcorepathusage.code.tex 2013/12/13  (rcs-revision 1.23)
\pgf@shorten@end@additional=\dimen149
\pgf@shorten@start@additional=\dimen150
)
(/math/software/pkg/texlive/texlive-2014/texmf-dist/tex/generic/pgf/basiclayer/
pgfcorescopes.code.tex
File: pgfcorescopes.code.tex 2013/10/09  (rcs-revision 1.44)
\pgfpic=\box30
\pgf@hbox=\box31
\pgf@layerbox@main=\box32
\pgf@picture@serial@count=\count111
)
(/math/software/pkg/texlive/texlive-2014/texmf-dist/tex/generic/pgf/basiclayer/
pgfcoregraphicstate.code.tex
File: pgfcoregraphicstate.code.tex 2013/09/19  (rcs-revision 1.11)
\pgflinewidth=\dimen151
)
(/math/software/pkg/texlive/texlive-2014/texmf-dist/tex/generic/pgf/basiclayer/
pgfcoretransformations.code.tex
File: pgfcoretransformations.code.tex 2013/10/10  (rcs-revision 1.17)
\pgf@pt@x=\dimen152
\pgf@pt@y=\dimen153
\pgf@pt@temp=\dimen154
)
(/math/software/pkg/texlive/texlive-2014/texmf-dist/tex/generic/pgf/basiclayer/
pgfcorequick.code.tex
File: pgfcorequick.code.tex 2008/10/09  (rcs-revision 1.3)
)
(/math/software/pkg/texlive/texlive-2014/texmf-dist/tex/generic/pgf/basiclayer/
pgfcoreobjects.code.tex
File: pgfcoreobjects.code.tex 2006/10/11  (rcs-revision 1.2)
)
(/math/software/pkg/texlive/texlive-2014/texmf-dist/tex/generic/pgf/basiclayer/
pgfcorepathprocessing.code.tex
File: pgfcorepathprocessing.code.tex 2013/09/09  (rcs-revision 1.9)
)
(/math/software/pkg/texlive/texlive-2014/texmf-dist/tex/generic/pgf/basiclayer/
pgfcorearrows.code.tex
File: pgfcorearrows.code.tex 2013/11/07  (rcs-revision 1.40)
\pgfarrowsep=\dimen155
)
(/math/software/pkg/texlive/texlive-2014/texmf-dist/tex/generic/pgf/basiclayer/
pgfcoreshade.code.tex
File: pgfcoreshade.code.tex 2013/07/15  (rcs-revision 1.15)
\pgf@max=\dimen156
\pgf@sys@shading@range@num=\count112
)
(/math/software/pkg/texlive/texlive-2014/texmf-dist/tex/generic/pgf/basiclayer/
pgfcoreimage.code.tex
File: pgfcoreimage.code.tex 2013/07/15  (rcs-revision 1.18)

(/math/software/pkg/texlive/texlive-2014/texmf-dist/tex/generic/pgf/basiclayer/
pgfcoreexternal.code.tex
File: pgfcoreexternal.code.tex 2013/07/15  (rcs-revision 1.20)
\pgfexternal@startupbox=\box33
))
(/math/software/pkg/texlive/texlive-2014/texmf-dist/tex/generic/pgf/basiclayer/
pgfcorelayers.code.tex
File: pgfcorelayers.code.tex 2013/07/18  (rcs-revision 1.7)
)
(/math/software/pkg/texlive/texlive-2014/texmf-dist/tex/generic/pgf/basiclayer/
pgfcoretransparency.code.tex
File: pgfcoretransparency.code.tex 2013/09/30  (rcs-revision 1.5)
)
(/math/software/pkg/texlive/texlive-2014/texmf-dist/tex/generic/pgf/basiclayer/
pgfcorepatterns.code.tex
File: pgfcorepatterns.code.tex 2013/11/07  (rcs-revision 1.5)
)))
(/math/software/pkg/texlive/texlive-2014/texmf-dist/tex/generic/pgf/modules/pgf
moduleshapes.code.tex
File: pgfmoduleshapes.code.tex 2013/10/31  (rcs-revision 1.34)
\pgfnodeparttextbox=\box34
)
(/math/software/pkg/texlive/texlive-2014/texmf-dist/tex/generic/pgf/modules/pgf
moduleplot.code.tex
File: pgfmoduleplot.code.tex 2013/07/31  (rcs-revision 1.12)
)
(/math/software/pkg/texlive/texlive-2014/texmf-dist/tex/latex/pgf/compatibility
/pgfcomp-version-0-65.sty
Package: pgfcomp-version-0-65 2007/07/03 v3.0.0 (rcs-revision 1.7)
\pgf@nodesepstart=\dimen157
\pgf@nodesepend=\dimen158
)
(/math/software/pkg/texlive/texlive-2014/texmf-dist/tex/latex/pgf/compatibility
/pgfcomp-version-1-18.sty
Package: pgfcomp-version-1-18 2007/07/23 v3.0.0 (rcs-revision 1.1)
))
(/math/software/pkg/texlive/texlive-2014/texmf-dist/tex/latex/pgf/utilities/pgf
for.sty
(/math/software/pkg/texlive/texlive-2014/texmf-dist/tex/latex/pgf/utilities/pgf
keys.sty
(/math/software/pkg/texlive/texlive-2014/texmf-dist/tex/generic/pgf/utilities/p
gfkeys.code.tex))
(/math/software/pkg/texlive/texlive-2014/texmf-dist/tex/latex/pgf/math/pgfmath.
sty
(/math/software/pkg/texlive/texlive-2014/texmf-dist/tex/generic/pgf/math/pgfmat
h.code.tex))
(/math/software/pkg/texlive/texlive-2014/texmf-dist/tex/generic/pgf/utilities/p
gffor.code.tex
Package: pgffor 2013/12/13 v3.0.0 (rcs-revision 1.25)

(/math/software/pkg/texlive/texlive-2014/texmf-dist/tex/generic/pgf/math/pgfmat
h.code.tex)
\pgffor@iter=\dimen159
\pgffor@skip=\dimen160
\pgffor@stack=\toks37
\pgffor@toks=\toks38
))
(/math/software/pkg/texlive/texlive-2014/texmf-dist/tex/generic/pgf/frontendlay
er/tikz/tikz.code.tex
Package: tikz 2013/12/13 v3.0.0 (rcs-revision 1.142)

(/math/software/pkg/texlive/texlive-2014/texmf-dist/tex/generic/pgf/libraries/p
gflibraryplothandlers.code.tex
File: pgflibraryplothandlers.code.tex 2013/08/31 v3.0.0 (rcs-revision 1.20)
\pgf@plot@mark@count=\count113
\pgfplotmarksize=\dimen161
)
\tikz@lastx=\dimen162
\tikz@lasty=\dimen163
\tikz@lastxsaved=\dimen164
\tikz@lastysaved=\dimen165
\tikzleveldistance=\dimen166
\tikzsiblingdistance=\dimen167
\tikz@figbox=\box35
\tikz@figbox@bg=\box36
\tikz@tempbox=\box37
\tikz@tempbox@bg=\box38
\tikztreelevel=\count114
\tikznumberofchildren=\count115
\tikznumberofcurrentchild=\count116
\tikz@fig@count=\count117

(/math/software/pkg/texlive/texlive-2014/texmf-dist/tex/generic/pgf/modules/pgf
modulematrix.code.tex
File: pgfmodulematrix.code.tex 2013/09/17  (rcs-revision 1.8)
\pgfmatrixcurrentrow=\count118
\pgfmatrixcurrentcolumn=\count119
\pgf@matrix@numberofcolumns=\count120
)
\tikz@expandcount=\count121

(/math/software/pkg/texlive/texlive-2014/texmf-dist/tex/generic/pgf/frontendlay
er/tikz/libraries/tikzlibrarytopaths.code.tex
File: tikzlibrarytopaths.code.tex 2008/06/17 v3.0.0 (rcs-revision 1.2)
)))
(/math/software/pkg/texlive/texlive-2014/texmf-dist/tex/generic/tikz-cd/tikzlib
rarycd.code.tex
(/math/software/pkg/texlive/texlive-2014/texmf-dist/tex/generic/pgf/frontendlay
er/tikz/libraries/tikzlibrarymatrix.code.tex
File: tikzlibrarymatrix.code.tex 2013/07/12 v3.0.0 (rcs-revision 1.4)
)
(/math/software/pkg/texlive/texlive-2014/texmf-dist/tex/generic/pgf/frontendlay
er/tikz/libraries/tikzlibraryquotes.code.tex
File: tikzlibraryquotes.code.tex 2013/08/28 v3.0.0 (rcs-revision 1.3)
)
(/math/software/pkg/texlive/texlive-2014/texmf-dist/tex/generic/pgf/libraries/p
gflibraryarrows.meta.code.tex
File: pgflibraryarrows.meta.code.tex 2013/12/13 v3.0.0 (rcs-revision 1.12)
\pgfarrowinset=\dimen168
\pgfarrowlength=\dimen169
\pgfarrowwidth=\dimen170
\pgfarrowlinewidth=\dimen171
))) (./hil.aux

LaTeX Warning: Label `sec:label' multiply defined.

)
\openout1 = `hil.aux'.

LaTeX Font Info:    Checking defaults for OML/cmm/m/it on input line 25.
LaTeX Font Info:    ... okay on input line 25.
LaTeX Font Info:    Checking defaults for T1/cmr/m/n on input line 25.
LaTeX Font Info:    ... okay on input line 25.
LaTeX Font Info:    Checking defaults for OT1/cmr/m/n on input line 25.
LaTeX Font Info:    ... okay on input line 25.
LaTeX Font Info:    Checking defaults for OMS/cmsy/m/n on input line 25.
LaTeX Font Info:    ... okay on input line 25.
LaTeX Font Info:    Checking defaults for OMX/cmex/m/n on input line 25.
LaTeX Font Info:    ... okay on input line 25.
LaTeX Font Info:    Checking defaults for U/cmr/m/n on input line 25.
LaTeX Font Info:    ... okay on input line 25.

*geometry* driver: auto-detecting
*geometry* detected driver: pdftex
*geometry* verbose mode - [ preamble ] result:
* driver: pdftex
* paper: <default>
* layout: <same size as paper>
* layoutoffset:(h,v)=(0.0pt,0.0pt)
* modes: 
* h-part:(L,W,R)=(72.26999pt, 469.75502pt, 72.26999pt)
* v-part:(T,H,B)=(72.26999pt, 650.43001pt, 72.26999pt)
* \paperwidth=614.295pt
* \paperheight=794.96999pt
* \textwidth=469.75502pt
* \textheight=650.43001pt
* \oddsidemargin=0.0pt
* \evensidemargin=0.0pt
* \topmargin=-37.0pt
* \headheight=12.0pt
* \headsep=25.0pt
* \topskip=12.0pt
* \footskip=30.0pt
* \marginparwidth=44.0pt
* \marginparsep=10.0pt
* \columnsep=10.0pt
* \skip\footins=10.8pt plus 4.0pt minus 2.0pt
* \hoffset=0.0pt
* \voffset=0.0pt
* \mag=1000
* \@twocolumnfalse
* \@twosidefalse
* \@mparswitchfalse
* \@reversemarginfalse
* (1in=72.27pt=25.4mm, 1cm=28.453pt)

ABD: EveryShipout initializing macros
(/math/software/pkg/texlive/texlive-2014/texmf-dist/tex/context/base/supp-pdf.m
kii
[Loading MPS to PDF converter (version 2006.09.02).]
\scratchcounter=\count122
\scratchdimen=\dimen172
\scratchbox=\box39
\nofMPsegments=\count123
\nofMParguments=\count124
\everyMPshowfont=\toks39
\MPscratchCnt=\count125
\MPscratchDim=\dimen173
\MPnumerator=\count126
\makeMPintoPDFobject=\count127
\everyMPtoPDFconversion=\toks40
)
(/math/software/pkg/texlive/texlive-2014/texmf-dist/tex/generic/oberdiek/pdftex
cmds.sty
Package: pdftexcmds 2011/11/29 v0.20 Utility functions of pdfTeX for LuaTeX (HO
)

(/math/software/pkg/texlive/texlive-2014/texmf-dist/tex/generic/oberdiek/ifluat
ex.sty
Package: ifluatex 2010/03/01 v1.3 Provides the ifluatex switch (HO)
Package ifluatex Info: LuaTeX not detected.
)
Package pdftexcmds Info: LuaTeX not detected.
Package pdftexcmds Info: \pdf@primitive is available.
Package pdftexcmds Info: \pdf@ifprimitive is available.
Package pdftexcmds Info: \pdfdraftmode found.
)
(/math/software/pkg/texlive/texlive-2014/texmf-dist/tex/latex/oberdiek/epstopdf
-base.sty
Package: epstopdf-base 2010/02/09 v2.5 Base part for package epstopdf

(/math/software/pkg/texlive/texlive-2014/texmf-dist/tex/latex/oberdiek/grfext.s
ty
Package: grfext 2010/08/19 v1.1 Manage graphics extensions (HO)

(/math/software/pkg/texlive/texlive-2014/texmf-dist/tex/generic/oberdiek/kvdefi
nekeys.sty
Package: kvdefinekeys 2011/04/07 v1.3 Define keys (HO)
))
(/math/software/pkg/texlive/texlive-2014/texmf-dist/tex/latex/oberdiek/kvoption
s.sty
Package: kvoptions 2011/06/30 v3.11 Key value format for package options (HO)

(/math/software/pkg/texlive/texlive-2014/texmf-dist/tex/generic/oberdiek/kvsetk
eys.sty
Package: kvsetkeys 2012/04/25 v1.16 Key value parser (HO)

(/math/software/pkg/texlive/texlive-2014/texmf-dist/tex/generic/oberdiek/etexcm
ds.sty
Package: etexcmds 2011/02/16 v1.5 Avoid name clashes with e-TeX commands (HO)
Package etexcmds Info: Could not find \expanded.
(etexcmds)             That can mean that you are not using pdfTeX 1.50 or
(etexcmds)             that some package has redefined \expanded.
(etexcmds)             In the latter case, load this package earlier.
)))
Package grfext Info: Graphics extension search list:
(grfext)             [.png,.pdf,.jpg,.mps,.jpeg,.jbig2,.jb2,.PNG,.PDF,.JPG,.JPE
G,.JBIG2,.JB2,.eps]
(grfext)             \AppendGraphicsExtensions on input line 452.

(/math/software/pkg/texlive/texlive-2014/texmf-dist/tex/latex/latexconfig/epsto
pdf-sys.cfg
File: epstopdf-sys.cfg 2010/07/13 v1.3 Configuration of (r)epstopdf for TeX Liv
e
))
LaTeX Font Info:    Try loading font information for U+msa on input line 35.

(/math/software/pkg/texlive/texlive-2014/texmf-dist/tex/latex/amsfonts/umsa.fd
File: umsa.fd 2013/01/14 v3.01 AMS symbols A
)
LaTeX Font Info:    Try loading font information for U+msb on input line 35.
(/math/software/pkg/texlive/texlive-2014/texmf-dist/tex/latex/amsfonts/umsb.fd
File: umsb.fd 2013/01/14 v3.01 AMS symbols B
) [1

{/math/software/pkg/texlive/texlive-2014/texmf-var/fonts/map/pdftex/updmap/pdft
ex.map}] [2] (./hil.aux)

LaTeX Warning: There were multiply-defined labels.

 ) 
Here is how much of TeX's memory you used:
 13623 strings out of 493109
 281688 string characters out of 6127836
 318593 words of memory out of 5000000
 16824 multiletter control sequences out of 15000+600000
 13036 words of font info for 51 fonts, out of 8000000 for 9000
 1141 hyphenation exceptions out of 8191
 61i,11n,84p,698b,192s stack positions out of 5000i,500n,10000p,200000b,80000s
</math/software/pkg/texlive/texlive-2014/texmf-dist/fonts/type1/public/amsfon
ts/cm/cmbx12.pfb></math/software/pkg/texlive/texlive-2014/texmf-dist/fonts/type
1/public/amsfonts/cm/cmex10.pfb></math/software/pkg/texlive/texlive-2014/texmf-
dist/fonts/type1/public/amsfonts/cm/cmmi12.pfb></math/software/pkg/texlive/texl
ive-2014/texmf-dist/fonts/type1/public/amsfonts/cm/cmmi8.pfb></math/software/pk
g/texlive/texlive-2014/texmf-dist/fonts/type1/public/amsfonts/cm/cmr12.pfb></ma
th/software/pkg/texlive/texlive-2014/texmf-dist/fonts/type1/public/amsfonts/cm/
cmr17.pfb></math/software/pkg/texlive/texlive-2014/texmf-dist/fonts/type1/publi
c/amsfonts/cm/cmr6.pfb></math/software/pkg/texlive/texlive-2014/texmf-dist/font
s/type1/public/amsfonts/cm/cmr8.pfb></math/software/pkg/texlive/texlive-2014/te
xmf-dist/fonts/type1/public/amsfonts/cm/cmsy10.pfb></math/software/pkg/texlive/
texlive-2014/texmf-dist/fonts/type1/public/amsfonts/symbols/msbm10.pfb>
Output written on hil.pdf (2 pages, 95865 bytes).
PDF statistics:
 54 PDF objects out of 1000 (max. 8388607)
 39 compressed objects within 1 object stream
 0 named destinations out of 1000 (max. 500000)
 13 words of extra memory for PDF output out of 10000 (max. 10000000)

